<?xml version="1.0" encoding="UTF-8"?>
<!-- Generated by org.testng.reporters.JUnitXMLReporter -->
<testsuite ignored="0" hostname="DESKTOP-8EODA8M" failures="0" tests="4" name="FireFoxBrowser" time="77.829" errors="0" timestamp="2022-09-20T01:58:24 IST">
  <testcase classname="package1.VerifyProfilePage" name="verifyAddToStoryButton" time="7.133"/>
  <testcase classname="package1.VerifyProfilePage" name="verifyEditProfileButton" time="15.871"/>
  <testcase classname="package1.VerifyRoomspage" name="verifyGoBackToHelpCenterButton" time="1.241"/>
  <testcase classname="package1.VerifyRoomspage" name="verifyGoBackToMessengerButton" time="2.052"/>
</testsuite> <!-- FireFoxBrowser -->
