<?xml version="1.0" encoding="UTF-8"?>
<!-- Generated by org.testng.reporters.JUnitXMLReporter -->
<testsuite ignored="0" hostname="DESKTOP-8EODA8M" failures="0" tests="4" name="Test" time="51.352" errors="0" timestamp="2022-09-14T14:53:17 IST">
  <testcase classname="package1.VerifyRoomspage" name="verifyGoBackToHelpCenterButton" time="1.281"/>
  <testcase classname="package1.VerifyRoomspage" name="verifyGoBackToMessengerButton" time="1.78"/>
  <testcase classname="package1.VerifyProfilePage" name="verifyAddToStoryButton" time="3.554"/>
  <testcase classname="package1.VerifyProfilePage" name="verifyEditProfileButton" time="3.782"/>
</testsuite> <!-- Test -->
