<?xml version="1.0" encoding="UTF-8"?>
<testng-results ignored="0" total="2" passed="2" failed="0" skipped="0">
  <reporter-output>
  </reporter-output>
  <suite started-at="2022-09-21T00:22:14 IST" name="Suite1234" finished-at="2022-09-21T00:22:58 IST" duration-ms="43879">
    <groups>
    </groups>
    <test started-at="2022-09-21T00:22:14 IST" name="ChromeBrowser" finished-at="2022-09-21T00:22:58 IST" duration-ms="43879">
      <class name="package1.VerifyProfilePage">
        <test-method is-config="true" signature="launchBrowser(java.lang.String)[pri:0, instance:package1.VerifyProfilePage@4f18837a]" started-at="2022-09-21T00:22:14 IST" name="launchBrowser" finished-at="2022-09-21T00:22:17 IST" duration-ms="2733" status="PASS">
          <params>
            <param index="0">
              <value>
                <![CDATA[Chrome]]>
              </value>
            </param>
          </params>
          <reporter-output>
          </reporter-output>
        </test-method> <!-- launchBrowser -->
        <test-method is-config="true" signature="createPOMObjects()[pri:0, instance:package1.VerifyProfilePage@4f18837a]" started-at="2022-09-21T00:22:17 IST" name="createPOMObjects" finished-at="2022-09-21T00:22:20 IST" duration-ms="2712" status="PASS">
          <reporter-output>
          </reporter-output>
        </test-method> <!-- createPOMObjects -->
        <test-method is-config="true" signature="openProfilePage()[pri:0, instance:package1.VerifyProfilePage@4f18837a]" started-at="2022-09-21T00:22:20 IST" name="openProfilePage" finished-at="2022-09-21T00:22:25 IST" duration-ms="5067" status="PASS">
          <reporter-output>
          </reporter-output>
        </test-method> <!-- openProfilePage -->
        <test-method signature="verifyAddToStoryButton()[pri:0, instance:package1.VerifyProfilePage@4f18837a]" started-at="2022-09-21T00:22:25 IST" name="verifyAddToStoryButton" finished-at="2022-09-21T00:22:32 IST" duration-ms="7143" status="PASS">
          <reporter-output>
          </reporter-output>
        </test-method> <!-- verifyAddToStoryButton -->
        <test-method is-config="true" signature="logoutFromApplication(org.testng.ITestResult)[pri:0, instance:package1.VerifyProfilePage@4f18837a]" started-at="2022-09-21T00:22:32 IST" name="logoutFromApplication" finished-at="2022-09-21T00:22:35 IST" duration-ms="3224" status="PASS">
          <params>
            <param index="0">
              <value>
                <![CDATA[[TestResult name=verifyAddToStoryButton status=SUCCESS method=VerifyProfilePage.verifyAddToStoryButton()[pri:0, instance:package1.VerifyProfilePage@4f18837a] output={null}]]]>
              </value>
            </param>
          </params>
          <reporter-output>
          </reporter-output>
        </test-method> <!-- logoutFromApplication -->
        <test-method is-config="true" signature="openProfilePage()[pri:0, instance:package1.VerifyProfilePage@4f18837a]" started-at="2022-09-21T00:22:35 IST" name="openProfilePage" finished-at="2022-09-21T00:22:39 IST" duration-ms="4180" status="PASS">
          <reporter-output>
          </reporter-output>
        </test-method> <!-- openProfilePage -->
        <test-method signature="verifyEditProfileButton()[pri:0, instance:package1.VerifyProfilePage@4f18837a]" started-at="2022-09-21T00:22:39 IST" name="verifyEditProfileButton" finished-at="2022-09-21T00:22:55 IST" duration-ms="15228" status="PASS">
          <reporter-output>
          </reporter-output>
        </test-method> <!-- verifyEditProfileButton -->
        <test-method is-config="true" signature="logoutFromApplication(org.testng.ITestResult)[pri:0, instance:package1.VerifyProfilePage@4f18837a]" started-at="2022-09-21T00:22:55 IST" name="logoutFromApplication" finished-at="2022-09-21T00:22:58 IST" duration-ms="3221" status="PASS">
          <params>
            <param index="0">
              <value>
                <![CDATA[[TestResult name=verifyEditProfileButton status=SUCCESS method=VerifyProfilePage.verifyEditProfileButton()[pri:0, instance:package1.VerifyProfilePage@4f18837a] output={null}]]]>
              </value>
            </param>
          </params>
          <reporter-output>
          </reporter-output>
        </test-method> <!-- logoutFromApplication -->
        <test-method is-config="true" signature="cleanPOMObject()[pri:0, instance:package1.VerifyProfilePage@4f18837a]" started-at="2022-09-21T00:22:58 IST" name="cleanPOMObject" finished-at="2022-09-21T00:22:58 IST" duration-ms="1" status="PASS">
          <reporter-output>
          </reporter-output>
        </test-method> <!-- cleanPOMObject -->
        <test-method is-config="true" signature="closedBrowser()[pri:0, instance:package1.VerifyProfilePage@4f18837a]" started-at="2022-09-21T00:22:58 IST" name="closedBrowser" finished-at="2022-09-21T00:22:58 IST" duration-ms="299" status="PASS">
          <reporter-output>
          </reporter-output>
        </test-method> <!-- closedBrowser -->
      </class> <!-- package1.VerifyProfilePage -->
    </test> <!-- ChromeBrowser -->
  </suite> <!-- Suite1234 -->
</testng-results>
